<?xml version="1.0" encoding="UTF-8"?>
<!-- Generated by org.testng.reporters.JUnitReportReporter -->
<testsuite hostname="DESKTOP-SFQQR9U" failures="0" tests="4" name="runner.RunnerClass" time="0.307" errors="0" timestamp="2024-03-12T22:01:34 IST" skipped="0">
  <testcase classname="runner.RunnerClass" name="runScenario" time="0.040"/>
  <system-out/>
  <testcase classname="runner.RunnerClass" name="runScenario" time="0.037"/>
  <system-out/>
  <testcase classname="runner.RunnerClass" name="runScenario" time="0.083"/>
  <system-out/>
  <testcase classname="runner.RunnerClass" name="runScenario" time="0.147"/>
  <system-out/>
</testsuite> <!-- runner.RunnerClass -->
