<?xml version="1.0" encoding="UTF-8"?>
<!-- Generated by org.testng.reporters.JUnitReportReporter -->
<testsuite hostname="DESKTOP-SFQQR9U" failures="0" tests="1" name="runner.DataTable_RunnerClass" time="0.449" errors="0" timestamp="2024-03-14T21:27:56 IST" skipped="0">
  <testcase classname="runner.DataTable_RunnerClass" name="runScenario" time="0.449"/>
  <system-out/>
</testsuite> <!-- runner.DataTable_RunnerClass -->
