<?xml version="1.0" encoding="UTF-8"?>
<!-- Generated by org.testng.reporters.JUnitReportReporter -->
<testsuite hostname="DESKTOP-SFQQR9U" failures="0" tests="3" name="runner.Hooks_runner" time="0.620" errors="0" timestamp="2024-03-19T21:43:08 IST" skipped="0">
  <testcase classname="runner.Hooks_runner" name="runScenario" time="0.422"/>
  <system-out/>
  <testcase classname="runner.Hooks_runner" name="runScenario" time="0.112"/>
  <system-out/>
  <testcase classname="runner.Hooks_runner" name="runScenario" time="0.086"/>
  <system-out/>
</testsuite> <!-- runner.Hooks_runner -->
