<?xml version="1.0" encoding="UTF-8"?>
<!-- Generated by org.testng.reporters.JUnitReportReporter -->
<testsuite hostname="DESKTOP-SFQQR9U" failures="0" tests="2" name="runner.LoginRunner" time="0.104" errors="0" timestamp="2024-03-11T21:57:24 IST" skipped="0">
  <testcase classname="runner.LoginRunner" name="runScenario" time="0.096"/>
  <system-out/>
  <testcase classname="runner.LoginRunner" name="runScenario" time="0.008"/>
  <system-out/>
</testsuite> <!-- runner.LoginRunner -->
