<?xml version="1.0" encoding="UTF-8"?>
<!-- Generated by org.testng.reporters.JUnitReportReporter -->
<testsuite hostname="DESKTOP-SFQQR9U" failures="0" tests="2" name="runner.Tag_Campaign_RunnerClass" time="0.317" errors="0" timestamp="2024-03-19T21:49:30 IST" skipped="0">
  <testcase classname="runner.Tag_Campaign_RunnerClass" name="runScenario" time="0.243"/>
  <system-out/>
  <testcase classname="runner.Tag_Campaign_RunnerClass" name="runScenario" time="0.074"/>
  <system-out/>
</testsuite> <!-- runner.Tag_Campaign_RunnerClass -->
